Node: 106  TN_INPAD_SOURCE Block #7 (top^b~2)
Pin: inpad.inpad[0] pb (top^b~2)T_arr: 0  T_req: -2.49481e-09  Tdel: 0
Internal Net: #6 (top^b~2).  Pins on net: 3.

Node: 105  TN_INPAD_OPIN Block #7 (top^b~2)
Pin: inpad.inpad[0] pb (top^b~2)
T_arr: 0  T_req: -2.49481e-09  Tdel: 4.243e-11
Internal Net: #6 (top^b~2).  Pins on net: 3.

Node: 104  TN_CB_OPIN Block #7 (top^b~2)
Pin: io.inpad[0] pb (top^b~2)
T_arr: 4.243e-11  T_req: -2.45238e-09  Tdel: 6.74767e-10
External-to-Block Net: #1 (top^b~2).  Pins on net: 3.

Node: 1  TN_CB_IPIN Block #0 (n18)
Pin: clb.I[2] pb (n18)
T_arr: 7.17197e-10  T_req: -1.77761e-09  Tdel: 9.5e-11
Internal Net: #6 (top^b~2).  Pins on net: 3.

Node: 31  TN_INTERMEDIATE_NODE Block #0 (n18)
Pin: fle.in[5] pb (n18)
T_arr: 8.12197e-10  T_req: -1.68261e-09  Tdel: 0
Internal Net: #6 (top^b~2).  Pins on net: 3.

Node: 38  TN_INTERMEDIATE_NODE Block #0 (n18)
Pin: ble6.in[5] pb (n18)
T_arr: 8.12197e-10  T_req: -1.68261e-09  Tdel: 0
Internal Net: #6 (top^b~2).  Pins on net: 3.

Node: 45  TN_INTERMEDIATE_NODE Block #0 (n18)
Pin: lut6.in[5] pb (n18)
T_arr: 8.12197e-10  T_req: -1.68261e-09  Tdel: 0
Internal Net: #6 (top^b~2).  Pins on net: 3.

Node: 52  TN_PRIMITIVE_IPIN Block #0 (n18)
Pin: lut.in[5] pb (n18)
T_arr: 8.12197e-10  T_req: -1.68261e-09  Tdel: 2e-10
Internal Net: #6 (top^b~2).  Pins on net: 3.

Node: 53  TN_PRIMITIVE_OPIN Block #0 (n18)
Pin: lut.out[0] pb (n18)
T_arr: 1.0122e-09  T_req: -1.48261e-09  Tdel: 0
Internal Net: #13 (n18).  Pins on net: 3.

Node: 46  TN_INTERMEDIATE_NODE Block #0 (n18)
Pin: lut6.out[0] pb (n18)
T_arr: 1.0122e-09  T_req: -1.48261e-09  Tdel: 2.5e-11
Internal Net: #13 (n18).  Pins on net: 3.

Node: 39  TN_INTERMEDIATE_NODE Block #0 (n18)
Pin: ble6.out[0] pb (n18)
T_arr: 1.0372e-09  T_req: -1.45761e-09  Tdel: 0
Internal Net: #13 (n18).  Pins on net: 3.

Node: 32  TN_INTERMEDIATE_NODE Block #0 (n18)
Pin: fle.out[0] pb (n18)
T_arr: 1.0372e-09  T_req: -1.45761e-09  Tdel: 0
Internal Net: #13 (n18).  Pins on net: 3.

Node: 9  TN_CB_OPIN Block #0 (n18)
Pin: clb.O[1] pb (n18)
T_arr: 1.0372e-09  T_req: -1.45761e-09  Tdel: 5.9948e-10
External-to-Block Net: #9 (n18).  Pins on net: 2.

Node: 61  TN_CB_IPIN Block #3 (top^z~4)
Pin: clb.I[4] pb (top^z~4)
T_arr: 1.63668e-09  T_req: -8.58133e-10  Tdel: 9.5e-11
Internal Net: #13 (n18).  Pins on net: 3.

Node: 81  TN_INTERMEDIATE_NODE Block #3 (top^z~4)
Pin: fle.in[2] pb (top^z~4)
T_arr: 1.73168e-09  T_req: -7.63133e-10  Tdel: 0
Internal Net: #13 (n18).  Pins on net: 3.

Node: 85  TN_INTERMEDIATE_NODE Block #3 (top^z~4)
Pin: ble6.in[2] pb (top^z~4)
T_arr: 1.73168e-09  T_req: -7.63133e-10  Tdel: 0
Internal Net: #13 (n18).  Pins on net: 3.

Node: 89  TN_INTERMEDIATE_NODE Block #3 (top^z~4)
Pin: lut6.in[2] pb (top^z~4)
T_arr: 1.73168e-09  T_req: -7.63133e-10  Tdel: 0
Internal Net: #13 (n18).  Pins on net: 3.

Node: 93  TN_PRIMITIVE_IPIN Block #3 (top^z~4)
Pin: lut.in[2] pb (top^z~4)
T_arr: 1.73168e-09  T_req: -7.63133e-10  Tdel: 2e-10
Internal Net: #13 (n18).  Pins on net: 3.

Node: 94  TN_PRIMITIVE_OPIN Block #3 (top^z~4)
Pin: lut.out[0] pb (top^z~4)
T_arr: 1.93168e-09  T_req: -5.63133e-10  Tdel: 0
Internal Net: #12 (top^z~4).  Pins on net: 2.

Node: 90  TN_INTERMEDIATE_NODE Block #3 (top^z~4)
Pin: lut6.out[0] pb (top^z~4)
T_arr: 1.93168e-09  T_req: -5.63133e-10  Tdel: 2.5e-11
Internal Net: #12 (top^z~4).  Pins on net: 2.

Node: 86  TN_INTERMEDIATE_NODE Block #3 (top^z~4)
Pin: ble6.out[0] pb (top^z~4)
T_arr: 1.95668e-09  T_req: -5.38133e-10  Tdel: 0
Internal Net: #12 (top^z~4).  Pins on net: 2.

Node: 82  TN_INTERMEDIATE_NODE Block #3 (top^z~4)
Pin: fle.out[0] pb (top^z~4)
T_arr: 1.95668e-09  T_req: -5.38133e-10  Tdel: 0
Internal Net: #12 (top^z~4).  Pins on net: 2.

Node: 66  TN_CB_OPIN Block #3 (top^z~4)
Pin: clb.O[1] pb (top^z~4)
T_arr: 1.95668e-09  T_req: -5.38133e-10  Tdel: 5.24193e-10
External-to-Block Net: #10 (top^z~4).  Pins on net: 2.

Node: 57  TN_CB_IPIN Block #2 (out:top^z~4)
Pin: io.outpad[0] pb (out:top^z~4)
T_arr: 2.48087e-09  T_req: -1.394e-11  Tdel: 1.394e-11
Internal Net: #12 (top^z~4).  Pins on net: 2.

Node: 58  TN_OUTPAD_IPIN Block #2 (out:top^z~4)
Pin: outpad.outpad[0] pb (out:top^z~4)
T_arr: 2.49481e-09  T_req: 0  Tdel: 0
Internal Net: #12 (top^z~4).  Pins on net: 2.

Node: 59  TN_OUTPAD_SINK Block #2 (out:top^z~4)
Pin: outpad.outpad[0] pb (out:top^z~4)T_arr: 2.49481e-09  T_req: 0  
Internal Net: #12 (top^z~4).  Pins on net: 2.


Tnodes on critical path: 26  Non-global nets on critical path: 3.
Global nets on critical path: 0.
Total logic delay: 6.9637e-10 (s)  Total net delay: 1.79844e-09 (s)
